# JRE version: OpenJDK Runtime Environment Temurin-17.0.1+12 (17.0.1+12) (build 17.0.1+12)
# Java VM: OpenJDK 64-Bit Server VM Temurin-17.0.1+12 (17.0.1+12, mixed mode, sharing, tiered, compressed oops, compressed class ptrs, g1 gc, windows-amd64)
GC Precious Log:
 CPUs: 16 total, 16 available
 Memory: 15792M
 Large Page Support: Disabled
 NUMA Support: Disabled
 Compressed Oops: Enabled (Zero based)
 Heap Region Size: 2M
 Heap Min Capacity: 8M
 Heap Initial Capacity: 248M
 Heap Max Capacity: 3950M
 Pre-touch: Disabled
 Parallel Workers: 13
 Concurrent Workers: 3
 Concurrent Refinement Workers: 13
 Periodic GC: Disabled
Heap:
 garbage-first heap   total 780288K, used 488562K [0x0000000709200000, 0x0000000800000000)
  region size 2048K, 223 young (456704K), 1 survivors (2048K)
 Metaspace       used 16494K, committed 16768K, reserved 1064960K
  class space    used 2240K, committed 2368K, reserved 1048576K
GC Heap History (20 events):
Event: 4743.313 GC heap before
{Heap before GC invocations=5258 (full 0):
 garbage-first heap   total 780288K, used 500850K [0x0000000709200000, 0x0000000800000000)
  region size 2048K, 228 young (466944K), 1 survivors (2048K)
 Metaspace       used 16490K, committed 16768K, reserved 1064960K
  class space    used 2240K, committed 2368K, reserved 1048576K
}
Event: 4743.314 GC heap after
{Heap after GC invocations=5259 (full 0):
 garbage-first heap   total 780288K, used 35954K [0x0000000709200000, 0x0000000800000000)
  region size 2048K, 1 young (2048K), 1 survivors (2048K)
 Metaspace       used 16490K, committed 16768K, reserved 1064960K
  class space    used 2240K, committed 2368K, reserved 1048576K
}
Event: 4743.479 GC heap before
{Heap before GC invocations=5259 (full 0):
 garbage-first heap   total 780288K, used 500850K [0x0000000709200000, 0x0000000800000000)
  region size 2048K, 228 young (466944K), 1 survivors (2048K)
 Metaspace       used 16490K, committed 16768K, reserved 1064960K
  class space    used 2240K, committed 2368K, reserved 1048576K
}
Event: 4743.480 GC heap after
{Heap after GC invocations=5260 (full 0):
 garbage-first heap   total 780288K, used 35952K [0x0000000709200000, 0x0000000800000000)
  region size 2048K, 1 young (2048K), 1 survivors (2048K)
 Metaspace       used 16490K, committed 16768K, reserved 1064960K
  class space    used 2240K, committed 2368K, reserved 1048576K
}
Event: 4743.671 GC heap before
{Heap before GC invocations=5260 (full 0):
 garbage-first heap   total 780288K, used 500848K [0x0000000709200000, 0x0000000800000000)
  region size 2048K, 228 young (466944K), 1 survivors (2048K)
 Metaspace       used 16490K, committed 16768K, reserved 1064960K
  class space    used 2240K, committed 2368K, reserved 1048576K
}
Event: 4743.672 GC heap after
{Heap after GC invocations=5261 (full 0):
 garbage-first heap   total 780288K, used 35954K [0x0000000709200000, 0x0000000800000000)
  region size 2048K, 1 young (2048K), 1 survivors (2048K)
 Metaspace       used 16490K, committed 16768K, reserved 1064960K
  class space    used 2240K, committed 2368K, reserved 1048576K
}
Event: 4743.854 GC heap before
{Heap before GC invocations=5261 (full 0):
 garbage-first heap   total 780288K, used 500850K [0x0000000709200000, 0x0000000800000000)
  region size 2048K, 228 young (466944K), 1 survivors (2048K)
 Metaspace       used 16490K, committed 16768K, reserved 1064960K
  class space    used 2240K, committed 2368K, reserved 1048576K
}
Event: 4743.855 GC heap after
{Heap after GC invocations=5262 (full 0):
 garbage-first heap   total 780288K, used 35954K [0x0000000709200000, 0x0000000800000000)
  region size 2048K, 1 young (2048K), 1 survivors (2048K)
 Metaspace       used 16490K, committed 16768K, reserved 1064960K
  class space    used 2240K, committed 2368K, reserved 1048576K
}
Event: 4744.196 GC heap before
{Heap before GC invocations=5262 (full 0):
 garbage-first heap   total 780288K, used 500850K [0x0000000709200000, 0x0000000800000000)
  region size 2048K, 228 young (466944K), 1 survivors (2048K)
 Metaspace       used 16490K, committed 16768K, reserved 1064960K
  class space    used 2240K, committed 2368K, reserved 1048576K
}
Event: 4744.197 GC heap after
{Heap after GC invocations=5263 (full 0):
 garbage-first heap   total 780288K, used 35954K [0x0000000709200000, 0x0000000800000000)
  region size 2048K, 1 young (2048K), 1 survivors (2048K)
 Metaspace       used 16490K, committed 16768K, reserved 1064960K
  class space    used 2240K, committed 2368K, reserved 1048576K
}
Event: 4744.477 GC heap before
{Heap before GC invocations=5263 (full 0):
 garbage-first heap   total 780288K, used 500850K [0x0000000709200000, 0x0000000800000000)
  region size 2048K, 228 young (466944K), 1 survivors (2048K)
 Metaspace       used 16490K, committed 16768K, reserved 1064960K
  class space    used 2240K, committed 2368K, reserved 1048576K
}
Event: 4744.478 GC heap after
{Heap after GC invocations=5264 (full 0):
 garbage-first heap   total 780288K, used 35954K [0x0000000709200000, 0x0000000800000000)
  region size 2048K, 1 young (2048K), 1 survivors (2048K)
 Metaspace       used 16490K, committed 16768K, reserved 1064960K
  class space    used 2240K, committed 2368K, reserved 1048576K
}
Event: 4744.768 GC heap before
{Heap before GC invocations=5264 (full 0):
 garbage-first heap   total 780288K, used 500850K [0x0000000709200000, 0x0000000800000000)
  region size 2048K, 228 young (466944K), 1 survivors (2048K)
 Metaspace       used 16490K, committed 16768K, reserved 1064960K
  class space    used 2240K, committed 2368K, reserved 1048576K
}
Event: 4744.769 GC heap after
{Heap after GC invocations=5265 (full 0):
 garbage-first heap   total 780288K, used 35954K [0x0000000709200000, 0x0000000800000000)
  region size 2048K, 1 young (2048K), 1 survivors (2048K)
 Metaspace       used 16490K, committed 16768K, reserved 1064960K
  class space    used 2240K, committed 2368K, reserved 1048576K
}
Event: 4745.082 GC heap before
{Heap before GC invocations=5265 (full 0):
 garbage-first heap   total 780288K, used 500850K [0x0000000709200000, 0x0000000800000000)
  region size 2048K, 228 young (466944K), 1 survivors (2048K)
 Metaspace       used 16490K, committed 16768K, reserved 1064960K
  class space    used 2240K, committed 2368K, reserved 1048576K
}
Event: 4745.082 GC heap after
{Heap after GC invocations=5266 (full 0):
 garbage-first heap   total 780288K, used 35952K [0x0000000709200000, 0x0000000800000000)
  region size 2048K, 1 young (2048K), 1 survivors (2048K)
 Metaspace       used 16490K, committed 16768K, reserved 1064960K
  class space    used 2240K, committed 2368K, reserved 1048576K
}
Event: 4745.257 GC heap before
{Heap before GC invocations=5266 (full 0):
 garbage-first heap   total 780288K, used 500848K [0x0000000709200000, 0x0000000800000000)
  region size 2048K, 228 young (466944K), 1 survivors (2048K)
 Metaspace       used 16490K, committed 16768K, reserved 1064960K
  class space    used 2240K, committed 2368K, reserved 1048576K
}
Event: 4745.258 GC heap after
{Heap after GC invocations=5267 (full 0):
 garbage-first heap   total 780288K, used 35954K [0x0000000709200000, 0x0000000800000000)
  region size 2048K, 1 young (2048K), 1 survivors (2048K)
 Metaspace       used 16490K, committed 16768K, reserved 1064960K
  class space    used 2240K, committed 2368K, reserved 1048576K
}
Event: 4745.546 GC heap before
{Heap before GC invocations=5267 (full 0):
 garbage-first heap   total 780288K, used 500850K [0x0000000709200000, 0x0000000800000000)
  region size 2048K, 228 young (466944K), 1 survivors (2048K)
 Metaspace       used 16490K, committed 16768K, reserved 1064960K
  class space    used 2240K, committed 2368K, reserved 1048576K
}
Event: 4745.547 GC heap after
{Heap after GC invocations=5268 (full 0):
 garbage-first heap   total 780288K, used 35954K [0x0000000709200000, 0x0000000800000000)
  region size 2048K, 1 young (2048K), 1 survivors (2048K)
 Metaspace       used 16490K, committed 16768K, reserved 1064960K
  class space    used 2240K, committed 2368K, reserved 1048576K
}

