# JRE version: Java(TM) SE Runtime Environment (17.0.1+12) (build 17.0.1+12-LTS-39)
# Java VM: Java HotSpot(TM) 64-Bit Server VM (17.0.1+12-LTS-39, mixed mode, sharing, tiered, compressed oops, compressed class ptrs, g1 gc, windows-amd64)
GC Precious Log:
 CPUs: 12 total, 12 available
 Memory: 16265M
 Large Page Support: Disabled
 NUMA Support: Disabled
 Compressed Oops: Enabled (Zero based)
 Heap Region Size: 2M
 Heap Min Capacity: 8M
 Heap Initial Capacity: 256M
 Heap Max Capacity: 4068M
 Pre-touch: Disabled
 Parallel Workers: 10
 Concurrent Workers: 3
 Concurrent Refinement Workers: 10
 Periodic GC: Disabled
Heap:
 garbage-first heap   total 262144K, used 121444K [0x0000000701c00000, 0x0000000800000000)
  region size 2048K, 6 young (12288K), 1 survivors (2048K)
 Metaspace       used 16154K, committed 16384K, reserved 1064960K
  class space    used 2258K, committed 2368K, reserved 1048576K
GC Heap History (10 events):
Event: 0.522 GC heap before
{Heap before GC invocations=0 (full 0):
 garbage-first heap   total 262144K, used 20480K [0x0000000701c00000, 0x0000000800000000)
  region size 2048K, 11 young (22528K), 0 survivors (0K)
 Metaspace       used 4677K, committed 4864K, reserved 1056768K
  class space    used 518K, committed 576K, reserved 1048576K
}
Event: 0.524 GC heap after
{Heap after GC invocations=1 (full 0):
 garbage-first heap   total 262144K, used 2967K [0x0000000701c00000, 0x0000000800000000)
  region size 2048K, 2 young (4096K), 2 survivors (4096K)
 Metaspace       used 4677K, committed 4864K, reserved 1056768K
  class space    used 518K, committed 576K, reserved 1048576K
}
Event: 8.322 GC heap before
{Heap before GC invocations=1 (full 0):
 garbage-first heap   total 262144K, used 88983K [0x0000000701c00000, 0x0000000800000000)
  region size 2048K, 20 young (40960K), 2 survivors (4096K)
 Metaspace       used 13877K, committed 14144K, reserved 1064960K
  class space    used 1861K, committed 1984K, reserved 1048576K
}
Event: 8.326 GC heap after
{Heap after GC invocations=2 (full 0):
 garbage-first heap   total 262144K, used 61410K [0x0000000701c00000, 0x0000000800000000)
  region size 2048K, 3 young (6144K), 3 survivors (6144K)
 Metaspace       used 13877K, committed 14144K, reserved 1064960K
  class space    used 1861K, committed 1984K, reserved 1048576K
}
Event: 8.758 GC heap before
{Heap before GC invocations=2 (full 0):
 garbage-first heap   total 262144K, used 118754K [0x0000000701c00000, 0x0000000800000000)
  region size 2048K, 32 young (65536K), 3 survivors (6144K)
 Metaspace       used 14121K, committed 14336K, reserved 1064960K
  class space    used 1907K, committed 2048K, reserved 1048576K
}
Event: 8.766 GC heap after
{Heap after GC invocations=3 (full 0):
 garbage-first heap   total 262144K, used 112553K [0x0000000701c00000, 0x0000000800000000)
  region size 2048K, 4 young (8192K), 4 survivors (8192K)
 Metaspace       used 14121K, committed 14336K, reserved 1064960K
  class space    used 1907K, committed 2048K, reserved 1048576K
}
Event: 18.579 GC heap before
{Heap before GC invocations=3 (full 0):
 garbage-first heap   total 262144K, used 114601K [0x0000000701c00000, 0x0000000800000000)
  region size 2048K, 6 young (12288K), 4 survivors (8192K)
 Metaspace       used 14752K, committed 15040K, reserved 1064960K
  class space    used 1923K, committed 2048K, reserved 1048576K
}
Event: 18.582 GC heap after
{Heap after GC invocations=4 (full 0):
 garbage-first heap   total 262144K, used 112843K [0x0000000701c00000, 0x0000000800000000)
  region size 2048K, 1 young (2048K), 1 survivors (2048K)
 Metaspace       used 14752K, committed 15040K, reserved 1064960K
  class space    used 1923K, committed 2048K, reserved 1048576K
}
Event: 18.731 GC heap before
{Heap before GC invocations=4 (full 0):
 garbage-first heap   total 262144K, used 143563K [0x0000000701c00000, 0x0000000800000000)
  region size 2048K, 5 young (10240K), 1 survivors (2048K)
 Metaspace       used 16013K, committed 16256K, reserved 1064960K
  class space    used 2244K, committed 2368K, reserved 1048576K
}
Event: 18.732 GC heap after
{Heap after GC invocations=5 (full 0):
 garbage-first heap   total 262144K, used 137828K [0x0000000701c00000, 0x0000000800000000)
  region size 2048K, 1 young (2048K), 1 survivors (2048K)
 Metaspace       used 16013K, committed 16256K, reserved 1064960K
  class space    used 2244K, committed 2368K, reserved 1048576K
}

