# JRE version: Java(TM) SE Runtime Environment (17.0.1+12) (build 17.0.1+12-LTS-39)
# Java VM: Java HotSpot(TM) 64-Bit Server VM (17.0.1+12-LTS-39, mixed mode, sharing, tiered, compressed oops, compressed class ptrs, g1 gc, windows-amd64)
GC Precious Log:
 CPUs: 12 total, 12 available
 Memory: 16265M
 Large Page Support: Disabled
 NUMA Support: Disabled
 Compressed Oops: Enabled (Zero based)
 Heap Region Size: 2M
 Heap Min Capacity: 8M
 Heap Initial Capacity: 256M
 Heap Max Capacity: 4068M
 Pre-touch: Disabled
 Parallel Workers: 10
 Concurrent Workers: 3
 Concurrent Refinement Workers: 10
 Periodic GC: Disabled
Heap:
 garbage-first heap   total 276480K, used 130004K [0x0000000701c00000, 0x0000000800000000)
  region size 2048K, 5 young (10240K), 2 survivors (4096K)
 Metaspace       used 16569K, committed 16832K, reserved 1064960K
  class space    used 2264K, committed 2432K, reserved 1048576K
GC Heap History (10 events):
Event: 0.549 GC heap before
{Heap before GC invocations=0 (full 0):
 garbage-first heap   total 262144K, used 20480K [0x0000000701c00000, 0x0000000800000000)
  region size 2048K, 11 young (22528K), 0 survivors (0K)
 Metaspace       used 4692K, committed 4864K, reserved 1056768K
  class space    used 525K, committed 576K, reserved 1048576K
}
Event: 0.551 GC heap after
{Heap after GC invocations=1 (full 0):
 garbage-first heap   total 262144K, used 2993K [0x0000000701c00000, 0x0000000800000000)
  region size 2048K, 2 young (4096K), 2 survivors (4096K)
 Metaspace       used 4692K, committed 4864K, reserved 1056768K
  class space    used 525K, committed 576K, reserved 1048576K
}
Event: 7.714 GC heap before
{Heap before GC invocations=1 (full 0):
 garbage-first heap   total 262144K, used 91057K [0x0000000701c00000, 0x0000000800000000)
  region size 2048K, 21 young (43008K), 2 survivors (4096K)
 Metaspace       used 13862K, committed 14144K, reserved 1064960K
  class space    used 1863K, committed 1984K, reserved 1048576K
}
Event: 7.718 GC heap after
{Heap after GC invocations=2 (full 0):
 garbage-first heap   total 262144K, used 62412K [0x0000000701c00000, 0x0000000800000000)
  region size 2048K, 3 young (6144K), 3 survivors (6144K)
 Metaspace       used 13862K, committed 14144K, reserved 1064960K
  class space    used 1863K, committed 1984K, reserved 1048576K
}
Event: 28.745 GC heap before
{Heap before GC invocations=2 (full 0):
 garbage-first heap   total 262144K, used 183244K [0x0000000701c00000, 0x0000000800000000)
  region size 2048K, 39 young (79872K), 3 survivors (6144K)
 Metaspace       used 16174K, committed 16512K, reserved 1064960K
  class space    used 2258K, committed 2432K, reserved 1048576K
}
Event: 28.756 GC heap after
{Heap after GC invocations=3 (full 0):
 garbage-first heap   total 262144K, used 138196K [0x0000000701c00000, 0x0000000800000000)
  region size 2048K, 6 young (12288K), 6 survivors (12288K)
 Metaspace       used 16174K, committed 16512K, reserved 1064960K
  class space    used 2258K, committed 2432K, reserved 1048576K
}
Event: 28.829 GC heap before
{Heap before GC invocations=4 (full 0):
 garbage-first heap   total 276480K, used 203732K [0x0000000701c00000, 0x0000000800000000)
  region size 2048K, 27 young (55296K), 6 survivors (12288K)
 Metaspace       used 16202K, committed 16512K, reserved 1064960K
  class space    used 2259K, committed 2432K, reserved 1048576K
}
Event: 28.837 GC heap after
{Heap after GC invocations=5 (full 0):
 garbage-first heap   total 276480K, used 200617K [0x0000000701c00000, 0x0000000800000000)
  region size 2048K, 4 young (8192K), 4 survivors (8192K)
 Metaspace       used 16202K, committed 16512K, reserved 1064960K
  class space    used 2259K, committed 2432K, reserved 1048576K
}
Event: 38.149 GC heap before
{Heap before GC invocations=5 (full 0):
 garbage-first heap   total 276480K, used 217001K [0x0000000701c00000, 0x0000000800000000)
  region size 2048K, 13 young (26624K), 4 survivors (8192K)
 Metaspace       used 16453K, committed 16704K, reserved 1064960K
  class space    used 2259K, committed 2432K, reserved 1048576K
}
Event: 38.152 GC heap after
{Heap after GC invocations=6 (full 0):
 garbage-first heap   total 276480K, used 213972K [0x0000000701c00000, 0x0000000800000000)
  region size 2048K, 2 young (4096K), 2 survivors (4096K)
 Metaspace       used 16453K, committed 16704K, reserved 1064960K
  class space    used 2259K, committed 2432K, reserved 1048576K
}

