# JRE version: Java(TM) SE Runtime Environment (17.0.1+12) (build 17.0.1+12-LTS-39)
# Java VM: Java HotSpot(TM) 64-Bit Server VM (17.0.1+12-LTS-39, mixed mode, sharing, tiered, compressed oops, compressed class ptrs, g1 gc, windows-amd64)
GC Precious Log:
 CPUs: 12 total, 12 available
 Memory: 16265M
 Large Page Support: Disabled
 NUMA Support: Disabled
 Compressed Oops: Enabled (Zero based)
 Heap Region Size: 2M
 Heap Min Capacity: 8M
 Heap Initial Capacity: 256M
 Heap Max Capacity: 4068M
 Pre-touch: Disabled
 Parallel Workers: 10
 Concurrent Workers: 3
 Concurrent Refinement Workers: 10
 Periodic GC: Disabled
Heap:
 garbage-first heap   total 485376K, used 234452K [0x0000000701c00000, 0x0000000800000000)
  region size 2048K, 7 young (14336K), 2 survivors (4096K)
 Metaspace       used 16653K, committed 16960K, reserved 1064960K
  class space    used 2267K, committed 2432K, reserved 1048576K
GC Heap History (20 events):
Event: 0.543 GC heap before
{Heap before GC invocations=0 (full 0):
 garbage-first heap   total 262144K, used 20480K [0x0000000701c00000, 0x0000000800000000)
  region size 2048K, 11 young (22528K), 0 survivors (0K)
 Metaspace       used 4649K, committed 4800K, reserved 1056768K
  class space    used 511K, committed 576K, reserved 1048576K
}
Event: 0.546 GC heap after
{Heap after GC invocations=1 (full 0):
 garbage-first heap   total 262144K, used 2931K [0x0000000701c00000, 0x0000000800000000)
  region size 2048K, 2 young (4096K), 2 survivors (4096K)
 Metaspace       used 4649K, committed 4800K, reserved 1056768K
  class space    used 511K, committed 576K, reserved 1048576K
}
Event: 7.697 GC heap before
{Heap before GC invocations=1 (full 0):
 garbage-first heap   total 262144K, used 90995K [0x0000000701c00000, 0x0000000800000000)
  region size 2048K, 21 young (43008K), 2 survivors (4096K)
 Metaspace       used 13875K, committed 14144K, reserved 1064960K
  class space    used 1858K, committed 1984K, reserved 1048576K
}
Event: 7.702 GC heap after
{Heap after GC invocations=2 (full 0):
 garbage-first heap   total 262144K, used 62459K [0x0000000701c00000, 0x0000000800000000)
  region size 2048K, 3 young (6144K), 3 survivors (6144K)
 Metaspace       used 13875K, committed 14144K, reserved 1064960K
  class space    used 1858K, committed 1984K, reserved 1048576K
}
Event: 12.143 GC heap before
{Heap before GC invocations=2 (full 0):
 garbage-first heap   total 262144K, used 119803K [0x0000000701c00000, 0x0000000800000000)
  region size 2048K, 32 young (65536K), 3 survivors (6144K)
 Metaspace       used 14400K, committed 14656K, reserved 1064960K
  class space    used 1905K, committed 2048K, reserved 1048576K
}
Event: 12.151 GC heap after
{Heap after GC invocations=3 (full 0):
 garbage-first heap   total 262144K, used 112553K [0x0000000701c00000, 0x0000000800000000)
  region size 2048K, 4 young (8192K), 4 survivors (8192K)
 Metaspace       used 14400K, committed 14656K, reserved 1064960K
  class space    used 1905K, committed 2048K, reserved 1048576K
}
Event: 16.868 GC heap before
{Heap before GC invocations=3 (full 0):
 garbage-first heap   total 262144K, used 114601K [0x0000000701c00000, 0x0000000800000000)
  region size 2048K, 6 young (12288K), 4 survivors (8192K)
 Metaspace       used 14596K, committed 14848K, reserved 1064960K
  class space    used 1905K, committed 2048K, reserved 1048576K
}
Event: 16.870 GC heap after
{Heap after GC invocations=4 (full 0):
 garbage-first heap   total 262144K, used 112909K [0x0000000701c00000, 0x0000000800000000)
  region size 2048K, 1 young (2048K), 1 survivors (2048K)
 Metaspace       used 14596K, committed 14848K, reserved 1064960K
  class space    used 1905K, committed 2048K, reserved 1048576K
}
Event: 24.948 GC heap before
{Heap before GC invocations=4 (full 0):
 garbage-first heap   total 262144K, used 141581K [0x0000000701c00000, 0x0000000800000000)
  region size 2048K, 4 young (8192K), 1 survivors (2048K)
 Metaspace       used 14681K, committed 14912K, reserved 1064960K
  class space    used 1905K, committed 2048K, reserved 1048576K
}
Event: 24.949 GC heap after
{Heap after GC invocations=5 (full 0):
 garbage-first heap   total 262144K, used 138195K [0x0000000701c00000, 0x0000000800000000)
  region size 2048K, 1 young (2048K), 1 survivors (2048K)
 Metaspace       used 14681K, committed 14912K, reserved 1064960K
  class space    used 1905K, committed 2048K, reserved 1048576K
}
Event: 25.026 GC heap before
{Heap before GC invocations=6 (full 0):
 garbage-first heap   total 262144K, used 179155K [0x0000000701c00000, 0x0000000800000000)
  region size 2048K, 22 young (45056K), 1 survivors (2048K)
 Metaspace       used 14709K, committed 14976K, reserved 1064960K
  class space    used 1909K, committed 2048K, reserved 1048576K
}
Event: 25.031 GC heap after
{Heap after GC invocations=7 (full 0):
 garbage-first heap   total 262144K, used 176043K [0x0000000701c00000, 0x0000000800000000)
  region size 2048K, 3 young (6144K), 3 survivors (6144K)
 Metaspace       used 14709K, committed 14976K, reserved 1064960K
  class space    used 1909K, committed 2048K, reserved 1048576K
}
Event: 29.100 GC heap before
{Heap before GC invocations=7 (full 0):
 garbage-first heap   total 262144K, used 190379K [0x0000000701c00000, 0x0000000800000000)
  region size 2048K, 12 young (24576K), 3 survivors (6144K)
 Metaspace       used 14934K, committed 15168K, reserved 1064960K
  class space    used 1926K, committed 2048K, reserved 1048576K
}
Event: 29.103 GC heap after
{Heap after GC invocations=8 (full 0):
 garbage-first heap   total 262144K, used 190377K [0x0000000701c00000, 0x0000000800000000)
  region size 2048K, 2 young (4096K), 2 survivors (4096K)
 Metaspace       used 14934K, committed 15168K, reserved 1064960K
  class space    used 1926K, committed 2048K, reserved 1048576K
}
Event: 29.240 GC heap before
{Heap before GC invocations=9 (full 0):
 garbage-first heap   total 362496K, used 221097K [0x0000000701c00000, 0x0000000800000000)
  region size 2048K, 6 young (12288K), 2 survivors (4096K)
 Metaspace       used 16274K, committed 16512K, reserved 1064960K
  class space    used 2248K, committed 2368K, reserved 1048576K
}
Event: 29.241 GC heap after
{Heap after GC invocations=10 (full 0):
 garbage-first heap   total 362496K, used 214487K [0x0000000701c00000, 0x0000000800000000)
  region size 2048K, 1 young (2048K), 1 survivors (2048K)
 Metaspace       used 16274K, committed 16512K, reserved 1064960K
  class space    used 2248K, committed 2368K, reserved 1048576K
}
Event: 42.455 GC heap before
{Heap before GC invocations=11 (full 0):
 garbage-first heap   total 362496K, used 220631K [0x0000000701c00000, 0x0000000800000000)
  region size 2048K, 24 young (49152K), 1 survivors (2048K)
 Metaspace       used 16441K, committed 16768K, reserved 1064960K
  class space    used 2262K, committed 2432K, reserved 1048576K
}
Event: 42.461 GC heap after
{Heap after GC invocations=12 (full 0):
 garbage-first heap   total 485376K, used 212905K [0x0000000701c00000, 0x0000000800000000)
  region size 2048K, 3 young (6144K), 3 survivors (6144K)
 Metaspace       used 16441K, committed 16768K, reserved 1064960K
  class space    used 2262K, committed 2432K, reserved 1048576K
}
Event: 42.467 GC heap before
{Heap before GC invocations=12 (full 0):
 garbage-first heap   total 485376K, used 227241K [0x0000000701c00000, 0x0000000800000000)
  region size 2048K, 11 young (22528K), 3 survivors (6144K)
 Metaspace       used 16441K, committed 16768K, reserved 1064960K
  class space    used 2262K, committed 2432K, reserved 1048576K
}
Event: 42.470 GC heap after
{Heap after GC invocations=13 (full 0):
 garbage-first heap   total 485376K, used 226260K [0x0000000701c00000, 0x0000000800000000)
  region size 2048K, 2 young (4096K), 2 survivors (4096K)
 Metaspace       used 16441K, committed 16768K, reserved 1064960K
  class space    used 2262K, committed 2432K, reserved 1048576K
}

