# JRE version: Java(TM) SE Runtime Environment (17.0.1+12) (build 17.0.1+12-LTS-39)
# Java VM: Java HotSpot(TM) 64-Bit Server VM (17.0.1+12-LTS-39, mixed mode, sharing, tiered, compressed oops, compressed class ptrs, g1 gc, windows-amd64)
GC Precious Log:
 CPUs: 12 total, 12 available
 Memory: 16265M
 Large Page Support: Disabled
 NUMA Support: Disabled
 Compressed Oops: Enabled (Zero based)
 Heap Region Size: 2M
 Heap Min Capacity: 8M
 Heap Initial Capacity: 256M
 Heap Max Capacity: 4068M
 Pre-touch: Disabled
 Parallel Workers: 10
 Concurrent Workers: 3
 Concurrent Refinement Workers: 10
 Periodic GC: Disabled
Heap:
 garbage-first heap   total 161792K, used 98184K [0x0000000701c00000, 0x0000000800000000)
  region size 2048K, 4 young (8192K), 1 survivors (2048K)
 Metaspace       used 15028K, committed 15296K, reserved 1064960K
  class space    used 1918K, committed 2048K, reserved 1048576K
GC Heap History (16 events):
Event: 0.513 GC heap before
{Heap before GC invocations=0 (full 0):
 garbage-first heap   total 262144K, used 20480K [0x0000000701c00000, 0x0000000800000000)
  region size 2048K, 11 young (22528K), 0 survivors (0K)
 Metaspace       used 4505K, committed 4672K, reserved 1056768K
  class space    used 509K, committed 576K, reserved 1048576K
}
Event: 0.515 GC heap after
{Heap after GC invocations=1 (full 0):
 garbage-first heap   total 262144K, used 2905K [0x0000000701c00000, 0x0000000800000000)
  region size 2048K, 2 young (4096K), 2 survivors (4096K)
 Metaspace       used 4505K, committed 4672K, reserved 1056768K
  class space    used 509K, committed 576K, reserved 1048576K
}
Event: 6.914 GC heap before
{Heap before GC invocations=1 (full 0):
 garbage-first heap   total 262144K, used 90969K [0x0000000701c00000, 0x0000000800000000)
  region size 2048K, 21 young (43008K), 2 survivors (4096K)
 Metaspace       used 13828K, committed 14080K, reserved 1064960K
  class space    used 1859K, committed 1984K, reserved 1048576K
}
Event: 6.918 GC heap after
{Heap after GC invocations=2 (full 0):
 garbage-first heap   total 262144K, used 60969K [0x0000000701c00000, 0x0000000800000000)
  region size 2048K, 3 young (6144K), 3 survivors (6144K)
 Metaspace       used 13828K, committed 14080K, reserved 1064960K
  class space    used 1859K, committed 1984K, reserved 1048576K
}
Event: 12.599 GC heap before
{Heap before GC invocations=2 (full 0):
 garbage-first heap   total 262144K, used 120361K [0x0000000701c00000, 0x0000000800000000)
  region size 2048K, 33 young (67584K), 3 survivors (6144K)
 Metaspace       used 14459K, committed 14720K, reserved 1064960K
  class space    used 1905K, committed 2048K, reserved 1048576K
}
Event: 12.607 GC heap after
{Heap after GC invocations=3 (full 0):
 garbage-first heap   total 262144K, used 113620K [0x0000000701c00000, 0x0000000800000000)
  region size 2048K, 5 young (10240K), 5 survivors (10240K)
 Metaspace       used 14459K, committed 14720K, reserved 1064960K
  class space    used 1905K, committed 2048K, reserved 1048576K
}
Event: 15.085 GC heap before
{Heap before GC invocations=3 (full 0):
 garbage-first heap   total 262144K, used 113620K [0x0000000701c00000, 0x0000000800000000)
  region size 2048K, 6 young (12288K), 5 survivors (10240K)
 Metaspace       used 14541K, committed 14784K, reserved 1064960K
  class space    used 1906K, committed 2048K, reserved 1048576K
}
Event: 15.087 GC heap after
{Heap after GC invocations=4 (full 0):
 garbage-first heap   total 262144K, used 112708K [0x0000000701c00000, 0x0000000800000000)
  region size 2048K, 1 young (2048K), 1 survivors (2048K)
 Metaspace       used 14541K, committed 14784K, reserved 1064960K
  class space    used 1906K, committed 2048K, reserved 1048576K
}
Event: 110.164 GC heap before
{Heap before GC invocations=4 (full 0):
 garbage-first heap   total 262144K, used 145476K [0x0000000701c00000, 0x0000000800000000)
  region size 2048K, 6 young (12288K), 1 survivors (2048K)
 Metaspace       used 14625K, committed 14912K, reserved 1064960K
  class space    used 1906K, committed 2048K, reserved 1048576K
}
Event: 110.165 GC heap after
{Heap after GC invocations=5 (full 0):
 garbage-first heap   total 262144K, used 138050K [0x0000000701c00000, 0x0000000800000000)
  region size 2048K, 1 young (2048K), 1 survivors (2048K)
 Metaspace       used 14625K, committed 14912K, reserved 1064960K
  class space    used 1906K, committed 2048K, reserved 1048576K
}
Event: 110.849 GC heap before
{Heap before GC invocations=6 (full 0):
 garbage-first heap   total 157696K, used 111426K [0x0000000701c00000, 0x0000000800000000)
  region size 2048K, 23 young (47104K), 1 survivors (2048K)
 Metaspace       used 14656K, committed 14912K, reserved 1064960K
  class space    used 1910K, committed 2048K, reserved 1048576K
}
Event: 110.855 GC heap after
{Heap after GC invocations=7 (full 0):
 garbage-first heap   total 157696K, used 107439K [0x0000000701c00000, 0x0000000800000000)
  region size 2048K, 3 young (6144K), 3 survivors (6144K)
 Metaspace       used 14656K, committed 14912K, reserved 1064960K
  class space    used 1910K, committed 2048K, reserved 1048576K
}
Event: 110.855 GC heap before
{Heap before GC invocations=7 (full 0):
 garbage-first heap   total 157696K, used 109487K [0x0000000701c00000, 0x0000000800000000)
  region size 2048K, 4 young (8192K), 3 survivors (6144K)
 Metaspace       used 14656K, committed 14912K, reserved 1064960K
  class space    used 1910K, committed 2048K, reserved 1048576K
}
Event: 110.856 GC heap after
{Heap after GC invocations=8 (full 0):
 garbage-first heap   total 157696K, used 107384K [0x0000000701c00000, 0x0000000800000000)
  region size 2048K, 1 young (2048K), 1 survivors (2048K)
 Metaspace       used 14656K, committed 14912K, reserved 1064960K
  class space    used 1910K, committed 2048K, reserved 1048576K
}
Event: 110.965 GC heap before
{Heap before GC invocations=8 (full 0):
 garbage-first heap   total 157696K, used 117624K [0x0000000701c00000, 0x0000000800000000)
  region size 2048K, 7 young (14336K), 1 survivors (2048K)
 Metaspace       used 14695K, committed 14976K, reserved 1064960K
  class space    used 1910K, committed 2048K, reserved 1048576K
}
Event: 110.967 GC heap after
{Heap after GC invocations=9 (full 0):
 garbage-first heap   total 157696K, used 118664K [0x0000000701c00000, 0x0000000800000000)
  region size 2048K, 1 young (2048K), 1 survivors (2048K)
 Metaspace       used 14695K, committed 14976K, reserved 1064960K
  class space    used 1910K, committed 2048K, reserved 1048576K
}

