# JRE version: Java(TM) SE Runtime Environment (17.0.1+12) (build 17.0.1+12-LTS-39)
# Java VM: Java HotSpot(TM) 64-Bit Server VM (17.0.1+12-LTS-39, mixed mode, sharing, tiered, compressed oops, compressed class ptrs, g1 gc, windows-amd64)
GC Precious Log:
 CPUs: 12 total, 12 available
 Memory: 16265M
 Large Page Support: Disabled
 NUMA Support: Disabled
 Compressed Oops: Enabled (Zero based)
 Heap Region Size: 2M
 Heap Min Capacity: 8M
 Heap Initial Capacity: 256M
 Heap Max Capacity: 4068M
 Pre-touch: Disabled
 Parallel Workers: 10
 Concurrent Workers: 3
 Concurrent Refinement Workers: 10
 Periodic GC: Disabled
Heap:
 garbage-first heap   total 438272K, used 147369K [0x0000000701c00000, 0x0000000800000000)
  region size 2048K, 17 young (34816K), 1 survivors (2048K)
 Metaspace       used 16679K, committed 16960K, reserved 1064960K
  class space    used 2267K, committed 2432K, reserved 1048576K
GC Heap History (20 events):
Event: 0.527 GC heap before
{Heap before GC invocations=0 (full 0):
 garbage-first heap   total 262144K, used 20480K [0x0000000701c00000, 0x0000000800000000)
  region size 2048K, 11 young (22528K), 0 survivors (0K)
 Metaspace       used 4493K, committed 4672K, reserved 1056768K
  class space    used 506K, committed 576K, reserved 1048576K
}
Event: 0.530 GC heap after
{Heap after GC invocations=1 (full 0):
 garbage-first heap   total 262144K, used 3009K [0x0000000701c00000, 0x0000000800000000)
  region size 2048K, 2 young (4096K), 2 survivors (4096K)
 Metaspace       used 4493K, committed 4672K, reserved 1056768K
  class space    used 506K, committed 576K, reserved 1048576K
}
Event: 9.030 GC heap before
{Heap before GC invocations=1 (full 0):
 garbage-first heap   total 262144K, used 91073K [0x0000000701c00000, 0x0000000800000000)
  region size 2048K, 21 young (43008K), 2 survivors (4096K)
 Metaspace       used 13867K, committed 14144K, reserved 1064960K
  class space    used 1858K, committed 1984K, reserved 1048576K
}
Event: 9.034 GC heap after
{Heap after GC invocations=2 (full 0):
 garbage-first heap   total 262144K, used 61347K [0x0000000701c00000, 0x0000000800000000)
  region size 2048K, 3 young (6144K), 3 survivors (6144K)
 Metaspace       used 13867K, committed 14144K, reserved 1064960K
  class space    used 1858K, committed 1984K, reserved 1048576K
}
Event: 23.176 GC heap before
{Heap before GC invocations=2 (full 0):
 garbage-first heap   total 262144K, used 120739K [0x0000000701c00000, 0x0000000800000000)
  region size 2048K, 33 young (67584K), 3 survivors (6144K)
 Metaspace       used 14733K, committed 14976K, reserved 1064960K
  class space    used 1906K, committed 2048K, reserved 1048576K
}
Event: 23.184 GC heap after
{Heap after GC invocations=3 (full 0):
 garbage-first heap   total 262144K, used 86996K [0x0000000701c00000, 0x0000000800000000)
  region size 2048K, 5 young (10240K), 5 survivors (10240K)
 Metaspace       used 14733K, committed 14976K, reserved 1064960K
  class space    used 1906K, committed 2048K, reserved 1048576K
}
Event: 87.616 GC heap before
{Heap before GC invocations=3 (full 0):
 garbage-first heap   total 262144K, used 121812K [0x0000000701c00000, 0x0000000800000000)
  region size 2048K, 10 young (20480K), 5 survivors (10240K)
 Metaspace       used 14836K, committed 15104K, reserved 1064960K
  class space    used 1906K, committed 2048K, reserved 1048576K
}
Event: 87.619 GC heap after
{Heap after GC invocations=4 (full 0):
 garbage-first heap   total 262144K, used 112740K [0x0000000701c00000, 0x0000000800000000)
  region size 2048K, 1 young (2048K), 1 survivors (2048K)
 Metaspace       used 14836K, committed 15104K, reserved 1064960K
  class space    used 1906K, committed 2048K, reserved 1048576K
}
Event: 87.693 GC heap before
{Heap before GC invocations=4 (full 0):
 garbage-first heap   total 262144K, used 184420K [0x0000000701c00000, 0x0000000800000000)
  region size 2048K, 25 young (51200K), 1 survivors (2048K)
 Metaspace       used 14871K, committed 15104K, reserved 1064960K
  class space    used 1910K, committed 2048K, reserved 1048576K
}
Event: 87.699 GC heap after
{Heap after GC invocations=5 (full 0):
 garbage-first heap   total 262144K, used 181204K [0x0000000701c00000, 0x0000000800000000)
  region size 2048K, 4 young (8192K), 4 survivors (8192K)
 Metaspace       used 14871K, committed 15104K, reserved 1064960K
  class space    used 1910K, committed 2048K, reserved 1048576K
}
Event: 92.768 GC heap before
{Heap before GC invocations=5 (full 0):
 garbage-first heap   total 262144K, used 189396K [0x0000000701c00000, 0x0000000800000000)
  region size 2048K, 10 young (20480K), 4 survivors (8192K)
 Metaspace       used 15098K, committed 15360K, reserved 1064960K
  class space    used 1926K, committed 2048K, reserved 1048576K
}
Event: 92.771 GC heap after
{Heap after GC invocations=6 (full 0):
 garbage-first heap   total 262144K, used 190377K [0x0000000701c00000, 0x0000000800000000)
  region size 2048K, 2 young (4096K), 2 survivors (4096K)
 Metaspace       used 15098K, committed 15360K, reserved 1064960K
  class space    used 1926K, committed 2048K, reserved 1048576K
}
Event: 92.901 GC heap before
{Heap before GC invocations=7 (full 0):
 garbage-first heap   total 262144K, used 155561K [0x0000000701c00000, 0x0000000800000000)
  region size 2048K, 6 young (12288K), 2 survivors (4096K)
 Metaspace       used 16385K, committed 16576K, reserved 1064960K
  class space    used 2248K, committed 2368K, reserved 1048576K
}
Event: 92.902 GC heap after
{Heap after GC invocations=8 (full 0):
 garbage-first heap   total 262144K, used 148937K [0x0000000701c00000, 0x0000000800000000)
  region size 2048K, 1 young (2048K), 1 survivors (2048K)
 Metaspace       used 16385K, committed 16576K, reserved 1064960K
  class space    used 2248K, committed 2368K, reserved 1048576K
}
Event: 131.365 GC heap before
{Heap before GC invocations=9 (full 0):
 garbage-first heap   total 262144K, used 206281K [0x0000000701c00000, 0x0000000800000000)
  region size 2048K, 18 young (36864K), 1 survivors (2048K)
 Metaspace       used 16571K, committed 16832K, reserved 1064960K
  class space    used 2262K, committed 2432K, reserved 1048576K
}
Event: 131.368 GC heap after
{Heap after GC invocations=10 (full 0):
 garbage-first heap   total 262144K, used 198569K [0x0000000701c00000, 0x0000000800000000)
  region size 2048K, 3 young (6144K), 3 survivors (6144K)
 Metaspace       used 16571K, committed 16832K, reserved 1064960K
  class space    used 2262K, committed 2432K, reserved 1048576K
}
Event: 131.369 GC heap before
{Heap before GC invocations=10 (full 0):
 garbage-first heap   total 262144K, used 202665K [0x0000000701c00000, 0x0000000800000000)
  region size 2048K, 6 young (12288K), 3 survivors (6144K)
 Metaspace       used 16571K, committed 16832K, reserved 1064960K
  class space    used 2262K, committed 2432K, reserved 1048576K
}
Event: 131.370 GC heap after
{Heap after GC invocations=11 (full 0):
 garbage-first heap   total 262144K, used 201684K [0x0000000701c00000, 0x0000000800000000)
  region size 2048K, 1 young (2048K), 1 survivors (2048K)
 Metaspace       used 16571K, committed 16832K, reserved 1064960K
  class space    used 2262K, committed 2432K, reserved 1048576K
}
Event: 131.372 GC heap before
{Heap before GC invocations=11 (full 0):
 garbage-first heap   total 262144K, used 209876K [0x0000000701c00000, 0x0000000800000000)
  region size 2048K, 6 young (12288K), 1 survivors (2048K)
 Metaspace       used 16571K, committed 16832K, reserved 1064960K
  class space    used 2262K, committed 2432K, reserved 1048576K
}
Event: 131.374 GC heap after
{Heap after GC invocations=12 (full 0):
 garbage-first heap   total 591872K, used 210857K [0x0000000701c00000, 0x0000000800000000)
  region size 2048K, 1 young (2048K), 1 survivors (2048K)
 Metaspace       used 16571K, committed 16832K, reserved 1064960K
  class space    used 2262K, committed 2432K, reserved 1048576K
}

