# JRE version: Java(TM) SE Runtime Environment (17.0.1+12) (build 17.0.1+12-LTS-39)
# Java VM: Java HotSpot(TM) 64-Bit Server VM (17.0.1+12-LTS-39, mixed mode, sharing, tiered, compressed oops, compressed class ptrs, g1 gc, windows-amd64)
GC Precious Log:
 CPUs: 12 total, 12 available
 Memory: 16265M
 Large Page Support: Disabled
 NUMA Support: Disabled
 Compressed Oops: Enabled (Zero based)
 Heap Region Size: 2M
 Heap Min Capacity: 8M
 Heap Initial Capacity: 256M
 Heap Max Capacity: 4068M
 Pre-touch: Disabled
 Parallel Workers: 10
 Concurrent Workers: 3
 Concurrent Refinement Workers: 10
 Periodic GC: Disabled
Heap:
 garbage-first heap   total 276480K, used 132055K [0x0000000701c00000, 0x0000000800000000)
  region size 2048K, 4 young (8192K), 1 survivors (2048K)
 Metaspace       used 15031K, committed 15296K, reserved 1064960K
  class space    used 1912K, committed 2048K, reserved 1048576K
GC Heap History (14 events):
Event: 0.516 GC heap before
{Heap before GC invocations=0 (full 0):
 garbage-first heap   total 262144K, used 20480K [0x0000000701c00000, 0x0000000800000000)
  region size 2048K, 11 young (22528K), 0 survivors (0K)
 Metaspace       used 4693K, committed 4864K, reserved 1056768K
  class space    used 528K, committed 576K, reserved 1048576K
}
Event: 0.518 GC heap after
{Heap after GC invocations=1 (full 0):
 garbage-first heap   total 262144K, used 2913K [0x0000000701c00000, 0x0000000800000000)
  region size 2048K, 2 young (4096K), 2 survivors (4096K)
 Metaspace       used 4693K, committed 4864K, reserved 1056768K
  class space    used 528K, committed 576K, reserved 1048576K
}
Event: 9.159 GC heap before
{Heap before GC invocations=1 (full 0):
 garbage-first heap   total 262144K, used 90977K [0x0000000701c00000, 0x0000000800000000)
  region size 2048K, 21 young (43008K), 2 survivors (4096K)
 Metaspace       used 13879K, committed 14144K, reserved 1064960K
  class space    used 1858K, committed 1984K, reserved 1048576K
}
Event: 9.164 GC heap after
{Heap after GC invocations=2 (full 0):
 garbage-first heap   total 262144K, used 62821K [0x0000000701c00000, 0x0000000800000000)
  region size 2048K, 3 young (6144K), 3 survivors (6144K)
 Metaspace       used 13879K, committed 14144K, reserved 1064960K
  class space    used 1858K, committed 1984K, reserved 1048576K
}
Event: 17.371 GC heap before
{Heap before GC invocations=2 (full 0):
 garbage-first heap   total 262144K, used 144741K [0x0000000701c00000, 0x0000000800000000)
  region size 2048K, 32 young (65536K), 3 survivors (6144K)
 Metaspace       used 14591K, committed 14848K, reserved 1064960K
  class space    used 1905K, committed 2048K, reserved 1048576K
}
Event: 17.381 GC heap after
{Heap after GC invocations=3 (full 0):
 garbage-first heap   total 262144K, used 138196K [0x0000000701c00000, 0x0000000800000000)
  region size 2048K, 4 young (8192K), 4 survivors (8192K)
 Metaspace       used 14591K, committed 14848K, reserved 1064960K
  class space    used 1905K, committed 2048K, reserved 1048576K
}
Event: 23.533 GC heap before
{Heap before GC invocations=3 (full 0):
 garbage-first heap   total 262144K, used 140244K [0x0000000701c00000, 0x0000000800000000)
  region size 2048K, 6 young (12288K), 4 survivors (8192K)
 Metaspace       used 14667K, committed 14912K, reserved 1064960K
  class space    used 1905K, committed 2048K, reserved 1048576K
}
Event: 23.535 GC heap after
{Heap after GC invocations=4 (full 0):
 garbage-first heap   total 262144K, used 138384K [0x0000000701c00000, 0x0000000800000000)
  region size 2048K, 1 young (2048K), 1 survivors (2048K)
 Metaspace       used 14667K, committed 14912K, reserved 1064960K
  class space    used 1905K, committed 2048K, reserved 1048576K
}
Event: 23.616 GC heap before
{Heap before GC invocations=5 (full 0):
 garbage-first heap   total 276480K, used 199824K [0x0000000701c00000, 0x0000000800000000)
  region size 2048K, 20 young (40960K), 1 survivors (2048K)
 Metaspace       used 14695K, committed 14976K, reserved 1064960K
  class space    used 1909K, committed 2048K, reserved 1048576K
}
Event: 23.621 GC heap after
{Heap after GC invocations=6 (full 0):
 garbage-first heap   total 276480K, used 197588K [0x0000000701c00000, 0x0000000800000000)
  region size 2048K, 3 young (6144K), 3 survivors (6144K)
 Metaspace       used 14695K, committed 14976K, reserved 1064960K
  class space    used 1909K, committed 2048K, reserved 1048576K
}
Event: 23.623 GC heap before
{Heap before GC invocations=6 (full 0):
 garbage-first heap   total 276480K, used 211924K [0x0000000701c00000, 0x0000000800000000)
  region size 2048K, 11 young (22528K), 3 survivors (6144K)
 Metaspace       used 14695K, committed 14976K, reserved 1064960K
  class space    used 1909K, committed 2048K, reserved 1048576K
}
Event: 23.626 GC heap after
{Heap after GC invocations=7 (full 0):
 garbage-first heap   total 276480K, used 212905K [0x0000000701c00000, 0x0000000800000000)
  region size 2048K, 2 young (4096K), 2 survivors (4096K)
 Metaspace       used 14695K, committed 14976K, reserved 1064960K
  class space    used 1909K, committed 2048K, reserved 1048576K
}
Event: 60.148 GC heap before
{Heap before GC invocations=8 (full 0):
 garbage-first heap   total 276480K, used 133033K [0x0000000701c00000, 0x0000000800000000)
  region size 2048K, 7 young (14336K), 2 survivors (4096K)
 Metaspace       used 15020K, committed 15296K, reserved 1064960K
  class space    used 1909K, committed 2048K, reserved 1048576K
}
Event: 60.149 GC heap after
{Heap after GC invocations=9 (full 0):
 garbage-first heap   total 276480K, used 127959K [0x0000000701c00000, 0x0000000800000000)
  region size 2048K, 1 young (2048K), 1 survivors (2048K)
 Metaspace       used 15020K, committed 15296K, reserved 1064960K
  class space    used 1909K, committed 2048K, reserved 1048576K
}

