# JRE version: Java(TM) SE Runtime Environment (17.0.1+12) (build 17.0.1+12-LTS-39)
# Java VM: Java HotSpot(TM) 64-Bit Server VM (17.0.1+12-LTS-39, mixed mode, sharing, tiered, compressed oops, compressed class ptrs, g1 gc, windows-amd64)
GC Precious Log:
 CPUs: 12 total, 12 available
 Memory: 16265M
 Large Page Support: Disabled
 NUMA Support: Disabled
 Compressed Oops: Enabled (Zero based)
 Heap Region Size: 2M
 Heap Min Capacity: 8M
 Heap Initial Capacity: 256M
 Heap Max Capacity: 4068M
 Pre-touch: Disabled
 Parallel Workers: 10
 Concurrent Workers: 3
 Concurrent Refinement Workers: 10
 Periodic GC: Disabled
Heap:
 garbage-first heap   total 262144K, used 165801K [0x0000000701c00000, 0x0000000800000000)
  region size 2048K, 10 young (20480K), 3 survivors (6144K)
 Metaspace       used 15060K, committed 15296K, reserved 1064960K
  class space    used 1917K, committed 2048K, reserved 1048576K
GC Heap History (14 events):
Event: 0.510 GC heap before
{Heap before GC invocations=0 (full 0):
 garbage-first heap   total 262144K, used 20480K [0x0000000701c00000, 0x0000000800000000)
  region size 2048K, 11 young (22528K), 0 survivors (0K)
 Metaspace       used 4694K, committed 4864K, reserved 1056768K
  class space    used 524K, committed 576K, reserved 1048576K
}
Event: 0.513 GC heap after
{Heap after GC invocations=1 (full 0):
 garbage-first heap   total 262144K, used 3055K [0x0000000701c00000, 0x0000000800000000)
  region size 2048K, 2 young (4096K), 2 survivors (4096K)
 Metaspace       used 4694K, committed 4864K, reserved 1056768K
  class space    used 524K, committed 576K, reserved 1048576K
}
Event: 11.762 GC heap before
{Heap before GC invocations=1 (full 0):
 garbage-first heap   total 262144K, used 89071K [0x0000000701c00000, 0x0000000800000000)
  region size 2048K, 20 young (40960K), 2 survivors (4096K)
 Metaspace       used 13835K, committed 14080K, reserved 1064960K
  class space    used 1858K, committed 1984K, reserved 1048576K
}
Event: 11.766 GC heap after
{Heap after GC invocations=2 (full 0):
 garbage-first heap   total 262144K, used 60920K [0x0000000701c00000, 0x0000000800000000)
  region size 2048K, 3 young (6144K), 3 survivors (6144K)
 Metaspace       used 13835K, committed 14080K, reserved 1064960K
  class space    used 1858K, committed 1984K, reserved 1048576K
}
Event: 12.762 GC heap before
{Heap before GC invocations=2 (full 0):
 garbage-first heap   total 262144K, used 118264K [0x0000000701c00000, 0x0000000800000000)
  region size 2048K, 32 young (65536K), 3 survivors (6144K)
 Metaspace       used 14165K, committed 14464K, reserved 1064960K
  class space    used 1905K, committed 2048K, reserved 1048576K
}
Event: 12.770 GC heap after
{Heap after GC invocations=3 (full 0):
 garbage-first heap   total 262144K, used 112553K [0x0000000701c00000, 0x0000000800000000)
  region size 2048K, 4 young (8192K), 4 survivors (8192K)
 Metaspace       used 14165K, committed 14464K, reserved 1064960K
  class space    used 1905K, committed 2048K, reserved 1048576K
}
Event: 18.925 GC heap before
{Heap before GC invocations=3 (full 0):
 garbage-first heap   total 262144K, used 112553K [0x0000000701c00000, 0x0000000800000000)
  region size 2048K, 5 young (10240K), 4 survivors (8192K)
 Metaspace       used 14574K, committed 14784K, reserved 1064960K
  class space    used 1905K, committed 2048K, reserved 1048576K
}
Event: 18.928 GC heap after
{Heap after GC invocations=4 (full 0):
 garbage-first heap   total 262144K, used 111682K [0x0000000701c00000, 0x0000000800000000)
  region size 2048K, 1 young (2048K), 1 survivors (2048K)
 Metaspace       used 14574K, committed 14784K, reserved 1064960K
  class space    used 1905K, committed 2048K, reserved 1048576K
}
Event: 22.913 GC heap before
{Heap before GC invocations=4 (full 0):
 garbage-first heap   total 262144K, used 140354K [0x0000000701c00000, 0x0000000800000000)
  region size 2048K, 4 young (8192K), 1 survivors (2048K)
 Metaspace       used 14661K, committed 14912K, reserved 1064960K
  class space    used 1910K, committed 2048K, reserved 1048576K
}
Event: 22.914 GC heap after
{Heap after GC invocations=5 (full 0):
 garbage-first heap   total 262144K, used 137101K [0x0000000701c00000, 0x0000000800000000)
  region size 2048K, 1 young (2048K), 1 survivors (2048K)
 Metaspace       used 14661K, committed 14912K, reserved 1064960K
  class space    used 1910K, committed 2048K, reserved 1048576K
}
Event: 22.993 GC heap before
{Heap before GC invocations=6 (full 0):
 garbage-first heap   total 262144K, used 141197K [0x0000000701c00000, 0x0000000800000000)
  region size 2048K, 22 young (45056K), 1 survivors (2048K)
 Metaspace       used 14689K, committed 14976K, reserved 1064960K
  class space    used 1915K, committed 2048K, reserved 1048576K
}
Event: 22.998 GC heap after
{Heap after GC invocations=7 (full 0):
 garbage-first heap   total 262144K, used 138196K [0x0000000701c00000, 0x0000000800000000)
  region size 2048K, 3 young (6144K), 3 survivors (6144K)
 Metaspace       used 14689K, committed 14976K, reserved 1064960K
  class space    used 1915K, committed 2048K, reserved 1048576K
}
Event: 166.111 GC heap before
{Heap before GC invocations=7 (full 0):
 garbage-first heap   total 262144K, used 173012K [0x0000000701c00000, 0x0000000800000000)
  region size 2048K, 21 young (43008K), 3 survivors (6144K)
 Metaspace       used 15037K, committed 15296K, reserved 1064960K
  class space    used 1915K, committed 2048K, reserved 1048576K
}
Event: 166.113 GC heap after
{Heap after GC invocations=8 (full 0):
 garbage-first heap   total 262144K, used 153513K [0x0000000701c00000, 0x0000000800000000)
  region size 2048K, 3 young (6144K), 3 survivors (6144K)
 Metaspace       used 15037K, committed 15296K, reserved 1064960K
  class space    used 1915K, committed 2048K, reserved 1048576K
}

