# JRE version: Java(TM) SE Runtime Environment (17.0.1+12) (build 17.0.1+12-LTS-39)
# Java VM: Java HotSpot(TM) 64-Bit Server VM (17.0.1+12-LTS-39, mixed mode, sharing, tiered, compressed oops, compressed class ptrs, g1 gc, windows-amd64)
GC Precious Log:
 CPUs: 12 total, 12 available
 Memory: 16265M
 Large Page Support: Disabled
 NUMA Support: Disabled
 Compressed Oops: Enabled (Zero based)
 Heap Region Size: 2M
 Heap Min Capacity: 8M
 Heap Initial Capacity: 256M
 Heap Max Capacity: 4068M
 Pre-touch: Disabled
 Parallel Workers: 10
 Concurrent Workers: 3
 Concurrent Refinement Workers: 10
 Periodic GC: Disabled
Heap:
 garbage-first heap   total 565248K, used 160761K [0x0000000701c00000, 0x0000000800000000)
  region size 2048K, 10 young (20480K), 1 survivors (2048K)
 Metaspace       used 16436K, committed 16704K, reserved 1064960K
  class space    used 2260K, committed 2432K, reserved 1048576K
GC Heap History (18 events):
Event: 0.513 GC heap before
{Heap before GC invocations=0 (full 0):
 garbage-first heap   total 262144K, used 20480K [0x0000000701c00000, 0x0000000800000000)
  region size 2048K, 11 young (22528K), 0 survivors (0K)
 Metaspace       used 4700K, committed 4864K, reserved 1056768K
  class space    used 522K, committed 576K, reserved 1048576K
}
Event: 0.515 GC heap after
{Heap after GC invocations=1 (full 0):
 garbage-first heap   total 262144K, used 2965K [0x0000000701c00000, 0x0000000800000000)
  region size 2048K, 2 young (4096K), 2 survivors (4096K)
 Metaspace       used 4700K, committed 4864K, reserved 1056768K
  class space    used 522K, committed 576K, reserved 1048576K
}
Event: 8.010 GC heap before
{Heap before GC invocations=1 (full 0):
 garbage-first heap   total 262144K, used 91029K [0x0000000701c00000, 0x0000000800000000)
  region size 2048K, 21 young (43008K), 2 survivors (4096K)
 Metaspace       used 13886K, committed 14144K, reserved 1064960K
  class space    used 1858K, committed 1984K, reserved 1048576K
}
Event: 8.015 GC heap after
{Heap after GC invocations=2 (full 0):
 garbage-first heap   total 262144K, used 61696K [0x0000000701c00000, 0x0000000800000000)
  region size 2048K, 3 young (6144K), 3 survivors (6144K)
 Metaspace       used 13886K, committed 14144K, reserved 1064960K
  class space    used 1858K, committed 1984K, reserved 1048576K
}
Event: 12.226 GC heap before
{Heap before GC invocations=2 (full 0):
 garbage-first heap   total 262144K, used 119040K [0x0000000701c00000, 0x0000000800000000)
  region size 2048K, 32 young (65536K), 3 survivors (6144K)
 Metaspace       used 14488K, committed 14720K, reserved 1064960K
  class space    used 1919K, committed 2048K, reserved 1048576K
}
Event: 12.234 GC heap after
{Heap after GC invocations=3 (full 0):
 garbage-first heap   total 262144K, used 112553K [0x0000000701c00000, 0x0000000800000000)
  region size 2048K, 4 young (8192K), 4 survivors (8192K)
 Metaspace       used 14488K, committed 14720K, reserved 1064960K
  class space    used 1919K, committed 2048K, reserved 1048576K
}
Event: 12.244 GC heap before
{Heap before GC invocations=3 (full 0):
 garbage-first heap   total 262144K, used 112553K [0x0000000701c00000, 0x0000000800000000)
  region size 2048K, 5 young (10240K), 4 survivors (8192K)
 Metaspace       used 14503K, committed 14720K, reserved 1064960K
  class space    used 1922K, committed 2048K, reserved 1048576K
}
Event: 12.246 GC heap after
{Heap after GC invocations=4 (full 0):
 garbage-first heap   total 262144K, used 112845K [0x0000000701c00000, 0x0000000800000000)
  region size 2048K, 1 young (2048K), 1 survivors (2048K)
 Metaspace       used 14503K, committed 14720K, reserved 1064960K
  class space    used 1922K, committed 2048K, reserved 1048576K
}
Event: 12.382 GC heap before
{Heap before GC invocations=4 (full 0):
 garbage-first heap   total 262144K, used 143565K [0x0000000701c00000, 0x0000000800000000)
  region size 2048K, 5 young (10240K), 1 survivors (2048K)
 Metaspace       used 15778K, committed 16064K, reserved 1064960K
  class space    used 2242K, committed 2368K, reserved 1048576K
}
Event: 12.383 GC heap after
{Heap after GC invocations=5 (full 0):
 garbage-first heap   total 262144K, used 137837K [0x0000000701c00000, 0x0000000800000000)
  region size 2048K, 1 young (2048K), 1 survivors (2048K)
 Metaspace       used 15778K, committed 16064K, reserved 1064960K
  class space    used 2242K, committed 2368K, reserved 1048576K
}
Event: 24.113 GC heap before
{Heap before GC invocations=6 (full 0):
 garbage-first heap   total 178176K, used 141933K [0x0000000701c00000, 0x0000000800000000)
  region size 2048K, 24 young (49152K), 1 survivors (2048K)
 Metaspace       used 16066K, committed 16320K, reserved 1064960K
  class space    used 2255K, committed 2368K, reserved 1048576K
}
Event: 24.118 GC heap after
{Heap after GC invocations=7 (full 0):
 garbage-first heap   total 186368K, used 135183K [0x0000000701c00000, 0x0000000800000000)
  region size 2048K, 3 young (6144K), 3 survivors (6144K)
 Metaspace       used 16066K, committed 16320K, reserved 1064960K
  class space    used 2255K, committed 2368K, reserved 1048576K
}
Event: 24.118 GC heap before
{Heap before GC invocations=7 (full 0):
 garbage-first heap   total 186368K, used 135183K [0x0000000701c00000, 0x0000000800000000)
  region size 2048K, 4 young (8192K), 3 survivors (6144K)
 Metaspace       used 16066K, committed 16320K, reserved 1064960K
  class space    used 2255K, committed 2368K, reserved 1048576K
}
Event: 24.120 GC heap after
{Heap after GC invocations=8 (full 0):
 garbage-first heap   total 186368K, used 130932K [0x0000000701c00000, 0x0000000800000000)
  region size 2048K, 1 young (2048K), 1 survivors (2048K)
 Metaspace       used 16066K, committed 16320K, reserved 1064960K
  class space    used 2255K, committed 2368K, reserved 1048576K
}
Event: 24.121 GC heap before
{Heap before GC invocations=8 (full 0):
 garbage-first heap   total 186368K, used 141172K [0x0000000701c00000, 0x0000000800000000)
  region size 2048K, 7 young (14336K), 1 survivors (2048K)
 Metaspace       used 16066K, committed 16320K, reserved 1064960K
  class space    used 2255K, committed 2368K, reserved 1048576K
}
Event: 24.123 GC heap after
{Heap after GC invocations=9 (full 0):
 garbage-first heap   total 186368K, used 142292K [0x0000000701c00000, 0x0000000800000000)
  region size 2048K, 1 young (2048K), 1 survivors (2048K)
 Metaspace       used 16066K, committed 16320K, reserved 1064960K
  class space    used 2255K, committed 2368K, reserved 1048576K
}
Event: 31.219 GC heap before
{Heap before GC invocations=10 (full 0):
 garbage-first heap   total 204800K, used 119764K [0x0000000701c00000, 0x0000000800000000)
  region size 2048K, 4 young (8192K), 1 survivors (2048K)
 Metaspace       used 16311K, committed 16512K, reserved 1064960K
  class space    used 2255K, committed 2368K, reserved 1048576K
}
Event: 31.222 GC heap after
{Heap after GC invocations=11 (full 0):
 garbage-first heap   total 565248K, used 119801K [0x0000000701c00000, 0x0000000800000000)
  region size 2048K, 1 young (2048K), 1 survivors (2048K)
 Metaspace       used 16311K, committed 16512K, reserved 1064960K
  class space    used 2255K, committed 2368K, reserved 1048576K
}

