# JRE version: Java(TM) SE Runtime Environment (17.0.1+12) (build 17.0.1+12-LTS-39)
# Java VM: Java HotSpot(TM) 64-Bit Server VM (17.0.1+12-LTS-39, mixed mode, sharing, tiered, compressed oops, compressed class ptrs, g1 gc, windows-amd64)
GC Precious Log:
 CPUs: 12 total, 12 available
 Memory: 16265M
 Large Page Support: Disabled
 NUMA Support: Disabled
 Compressed Oops: Enabled (Zero based)
 Heap Region Size: 2M
 Heap Min Capacity: 8M
 Heap Initial Capacity: 256M
 Heap Max Capacity: 4068M
 Pre-touch: Disabled
 Parallel Workers: 10
 Concurrent Workers: 3
 Concurrent Refinement Workers: 10
 Periodic GC: Disabled
Heap:
 garbage-first heap   total 276480K, used 153513K [0x0000000701c00000, 0x0000000800000000)
  region size 2048K, 6 young (12288K), 2 survivors (4096K)
 Metaspace       used 16426K, committed 16704K, reserved 1064960K
  class space    used 2261K, committed 2432K, reserved 1048576K
GC Heap History (12 events):
Event: 0.567 GC heap before
{Heap before GC invocations=0 (full 0):
 garbage-first heap   total 262144K, used 20480K [0x0000000701c00000, 0x0000000800000000)
  region size 2048K, 11 young (22528K), 0 survivors (0K)
 Metaspace       used 4633K, committed 4800K, reserved 1056768K
  class space    used 510K, committed 576K, reserved 1048576K
}
Event: 0.570 GC heap after
{Heap after GC invocations=1 (full 0):
 garbage-first heap   total 262144K, used 2938K [0x0000000701c00000, 0x0000000800000000)
  region size 2048K, 2 young (4096K), 2 survivors (4096K)
 Metaspace       used 4633K, committed 4800K, reserved 1056768K
  class space    used 510K, committed 576K, reserved 1048576K
}
Event: 49.317 GC heap before
{Heap before GC invocations=1 (full 0):
 garbage-first heap   total 262144K, used 91002K [0x0000000701c00000, 0x0000000800000000)
  region size 2048K, 21 young (43008K), 2 survivors (4096K)
 Metaspace       used 13896K, committed 14144K, reserved 1064960K
  class space    used 1861K, committed 1984K, reserved 1048576K
}
Event: 49.321 GC heap after
{Heap after GC invocations=2 (full 0):
 garbage-first heap   total 262144K, used 61342K [0x0000000701c00000, 0x0000000800000000)
  region size 2048K, 3 young (6144K), 3 survivors (6144K)
 Metaspace       used 13896K, committed 14144K, reserved 1064960K
  class space    used 1861K, committed 1984K, reserved 1048576K
}
Event: 62.213 GC heap before
{Heap before GC invocations=2 (full 0):
 garbage-first heap   total 262144K, used 182174K [0x0000000701c00000, 0x0000000800000000)
  region size 2048K, 38 young (77824K), 3 survivors (6144K)
 Metaspace       used 16062K, committed 16320K, reserved 1064960K
  class space    used 2255K, committed 2432K, reserved 1048576K
}
Event: 62.224 GC heap after
{Heap after GC invocations=3 (full 0):
 garbage-first heap   total 262144K, used 138196K [0x0000000701c00000, 0x0000000800000000)
  region size 2048K, 5 young (10240K), 5 survivors (10240K)
 Metaspace       used 16062K, committed 16320K, reserved 1064960K
  class space    used 2255K, committed 2432K, reserved 1048576K
}
Event: 63.370 GC heap before
{Heap before GC invocations=3 (full 0):
 garbage-first heap   total 262144K, used 138196K [0x0000000701c00000, 0x0000000800000000)
  region size 2048K, 6 young (12288K), 5 survivors (10240K)
 Metaspace       used 16071K, committed 16320K, reserved 1064960K
  class space    used 2255K, committed 2432K, reserved 1048576K
}
Event: 63.373 GC heap after
{Heap after GC invocations=4 (full 0):
 garbage-first heap   total 262144K, used 137654K [0x0000000701c00000, 0x0000000800000000)
  region size 2048K, 1 young (2048K), 1 survivors (2048K)
 Metaspace       used 16071K, committed 16320K, reserved 1064960K
  class space    used 2255K, committed 2432K, reserved 1048576K
}
Event: 63.448 GC heap before
{Heap before GC invocations=5 (full 0):
 garbage-first heap   total 276480K, used 205238K [0x0000000701c00000, 0x0000000800000000)
  region size 2048K, 23 young (47104K), 1 survivors (2048K)
 Metaspace       used 16095K, committed 16448K, reserved 1064960K
  class space    used 2256K, committed 2432K, reserved 1048576K
}
Event: 63.453 GC heap after
{Heap after GC invocations=6 (full 0):
 garbage-first heap   total 276480K, used 202665K [0x0000000701c00000, 0x0000000800000000)
  region size 2048K, 3 young (6144K), 3 survivors (6144K)
 Metaspace       used 16095K, committed 16448K, reserved 1064960K
  class space    used 2256K, committed 2432K, reserved 1048576K
}
Event: 69.551 GC heap before
{Heap before GC invocations=6 (full 0):
 garbage-first heap   total 276480K, used 214953K [0x0000000701c00000, 0x0000000800000000)
  region size 2048K, 11 young (22528K), 3 survivors (6144K)
 Metaspace       used 16341K, committed 16640K, reserved 1064960K
  class space    used 2257K, committed 2432K, reserved 1048576K
}
Event: 69.554 GC heap after
{Heap after GC invocations=7 (full 0):
 garbage-first heap   total 276480K, used 214953K [0x0000000701c00000, 0x0000000800000000)
  region size 2048K, 2 young (4096K), 2 survivors (4096K)
 Metaspace       used 16341K, committed 16640K, reserved 1064960K
  class space    used 2257K, committed 2432K, reserved 1048576K
}

